<?xml version="1.0" encoding="UTF-8"?>
<!-- Generated by org.testng.reporters.JUnitReportReporter -->
<testsuite hostname="manish-3010" name="tests.PurchaseNewInventoryTest" tests="1" failures="0" timestamp="3 Mar 2015 09:25:42 GMT" time="25.015" errors="0">
  <testcase name="newInvertoryPurchase" time="25.015" classname="tests.PurchaseNewInventoryTest"/>
</testsuite> <!-- tests.PurchaseNewInventoryTest -->
