<?xml version="1.0" encoding="UTF-8"?>
<!-- Generated by org.testng.reporters.JUnitReportReporter -->
<testsuite hostname="manish-3010" name="tests.ProjectOverviewPageTest" tests="4" failures="0" timestamp="5 Mar 2015 08:12:35 GMT" time="116.742" errors="0">
  <testcase name="projectOverviewPage" time="0.001" classname="tests.ProjectOverviewPageTest"/>
  <testcase name="projectOverviewPage" time="78.334" classname="tests.ProjectOverviewPageTest"/>
  <testcase name="projectOverviewPage" time="38.406" classname="tests.ProjectOverviewPageTest"/>
  <testcase name="projectOverviewPage" time="0.001" classname="tests.ProjectOverviewPageTest"/>
</testsuite> <!-- tests.ProjectOverviewPageTest -->
