<?xml version="1.0" encoding="UTF-8"?>
<!-- Generated by org.testng.reporters.JUnitReportReporter -->
<testsuite hostname="Sumit-kothari" name="tests.PortfolioTest" tests="1" failures="1" timestamp="27 Feb 2015 07:09:16 GMT" time="0.000" errors="0">
  <testcase name="Portfolio" time="0.000" classname="tests.PortfolioTest"/>
</testsuite> <!-- tests.PortfolioTest -->
