<?xml version="1.0" encoding="UTF-8"?>
<!-- Generated by org.testng.reporters.JUnitReportReporter -->
<testsuite hostname="Sumit-kothari" name="tests.OperationalView_ReportViewTest" tests="1" failures="1" timestamp="27 Mar 2015 09:16:21 GMT" time="0.001" errors="0">
  <testcase name="OperationalView_ReportView" time="0.001" classname="tests.OperationalView_ReportViewTest"/>
</testsuite> <!-- tests.OperationalView_ReportViewTest -->
