<?xml version="1.0" encoding="UTF-8"?>
<!-- Generated by org.testng.reporters.JUnitReportReporter -->
<testsuite hostname="Sumit-kothari" name="tests.OperationalView_ProjectViewTest" tests="5" failures="5" timestamp="27 Mar 2015 09:16:21 GMT" time="0.004" errors="0">
  <testcase name="OperationalView_ProjectView" time="0.001" classname="tests.OperationalView_ProjectViewTest"/>
  <testcase name="OperationalView_ProjectView" time="0.001" classname="tests.OperationalView_ProjectViewTest"/>
  <testcase name="OperationalView_ProjectView" time="0.001" classname="tests.OperationalView_ProjectViewTest"/>
  <testcase name="OperationalView_ProjectView" time="0.000" classname="tests.OperationalView_ProjectViewTest"/>
  <testcase name="OperationalView_ProjectView" time="0.001" classname="tests.OperationalView_ProjectViewTest"/>
</testsuite> <!-- tests.OperationalView_ProjectViewTest -->
