<?xml version="1.0" encoding="UTF-8"?>
<!-- Generated by org.testng.reporters.JUnitReportReporter -->
<testsuite hostname="manish-3010" name="tests.ContractManagementPageTest" tests="1" failures="0" timestamp="5 Mar 2015 11:44:57 GMT" time="171.610" errors="0">
  <testcase name="contractManagementTest" time="171.610" classname="tests.ContractManagementPageTest"/>
</testsuite> <!-- tests.ContractManagementPageTest -->
