<?xml version="1.0" encoding="UTF-8"?>
<!-- Generated by org.testng.reporters.JUnitReportReporter -->
<testsuite hostname="Sumit-kothari" name="tests.LoginTest" tests="4" failures="4" timestamp="27 Mar 2015 09:16:21 GMT" time="0.004" errors="0">
  <testcase name="login" time="0.001" classname="tests.LoginTest"/>
  <testcase name="login" time="0.001" classname="tests.LoginTest"/>
  <testcase name="login" time="0.001" classname="tests.LoginTest"/>
  <testcase name="login" time="0.001" classname="tests.LoginTest"/>
</testsuite> <!-- tests.LoginTest -->
