<?xml version="1.0" encoding="UTF-8"?>
<!-- Generated by org.testng.reporters.JUnitReportReporter -->
<testsuite hostname="Sumit-kothari" name="tests.FileDownloadExample" tests="1" failures="0" timestamp="20 Feb 2015 10:15:22 GMT" time="22.009" errors="0">
  <testcase name="testDownload" time="22.009" classname="tests.FileDownloadExample"/>
</testsuite> <!-- tests.FileDownloadExample -->
