<?xml version="1.0" encoding="UTF-8"?>
<!-- Generated by org.testng.reporters.JUnitReportReporter -->
<testsuite hostname="Sumit-kothari" name="tests.LoginTest" tests="4" failures="4" timestamp="23 Mar 2015 11:40:12 GMT" time="0.003" errors="0">
  <testcase name="login" time="0.000" classname="tests.LoginTest"/>
  <testcase name="login" time="0.001" classname="tests.LoginTest"/>
  <testcase name="login" time="0.001" classname="tests.LoginTest"/>
  <testcase name="login" time="0.001" classname="tests.LoginTest"/>
</testsuite> <!-- tests.LoginTest -->
