<?xml version="1.0" encoding="UTF-8"?>
<!-- Generated by org.testng.reporters.JUnitReportReporter -->
<testsuite hostname="manish-3010" name="tests.ProjectOperationPlannedOutagePageTest" tests="2" failures="0" timestamp="5 Mar 2015 11:25:10 GMT" time="83.426" errors="0">
  <testcase name="plannedOutagePage" time="83.421" classname="tests.ProjectOperationPlannedOutagePageTest"/>
  <testcase name="plannedOutagePage" time="0.005" classname="tests.ProjectOperationPlannedOutagePageTest"/>
</testsuite> <!-- tests.ProjectOperationPlannedOutagePageTest -->
