<?xml version="1.0" encoding="UTF-8"?>
<!-- Generated by org.testng.reporters.JUnitReportReporter -->
<testsuite hostname="Sumit-kothari" name="tests.Sequencing" tests="2" failures="0" timestamp="23 Mar 2015 11:26:22 GMT" time="0.006" errors="0">
  <testcase name="testCase1" time="0.005" classname="tests.Sequencing"/>
  <testcase name="testCase2" time="0.001" classname="tests.Sequencing"/>
</testsuite> <!-- tests.Sequencing -->
