<?xml version="1.0" encoding="UTF-8"?>
<!-- Generated by org.testng.reporters.JUnitReportReporter -->
<testsuite hostname="manish-3010" name="tests.SubscribeAlertReportTest" tests="6" failures="0" timestamp="13 Mar 2015 09:38:01 GMT" time="226.213" errors="0">
  <testcase name="alertSubscriptionTest" time="67.459" classname="tests.SubscribeAlertReportTest"/>
  <testcase name="alertSubscriptionTest" time="43.265" classname="tests.SubscribeAlertReportTest"/>
  <testcase name="alertSubscriptionTest" time="14.529" classname="tests.SubscribeAlertReportTest"/>
  <testcase name="alertSubscriptionTest" time="35.203" classname="tests.SubscribeAlertReportTest"/>
  <testcase name="alertSubscriptionTest" time="32.361" classname="tests.SubscribeAlertReportTest"/>
  <testcase name="alertSubscriptionTest" time="33.396" classname="tests.SubscribeAlertReportTest"/>
</testsuite> <!-- tests.SubscribeAlertReportTest -->
