<?xml version="1.0" encoding="UTF-8"?>
<!-- Generated by org.testng.reporters.JUnitReportReporter -->
<testsuite hostname="Sumit-kothari" name="tests.dynamic_table" tests="1" failures="0" timestamp="16 Feb 2015 05:50:08 GMT" time="0.292" errors="0">
  <testcase name="Handle_Dynamic_Webtable" time="0.292" classname="tests.dynamic_table"/>
</testsuite> <!-- tests.dynamic_table -->
