<?xml version="1.0" encoding="UTF-8"?>
<!-- Generated by org.testng.reporters.JUnitReportReporter -->
<testsuite hostname="manish-3010" name="tests.PortfolioTest" tests="5" failures="5" timestamp="19 Feb 2015 06:04:00 GMT" time="0.003" errors="0">
  <testcase name="Portfolio" time="0.001" classname="tests.PortfolioTest"/>
  <testcase name="Portfolio" time="0.000" classname="tests.PortfolioTest"/>
  <testcase name="Portfolio" time="0.001" classname="tests.PortfolioTest"/>
  <testcase name="Portfolio" time="0.001" classname="tests.PortfolioTest"/>
  <testcase name="Portfolio" time="0.000" classname="tests.PortfolioTest"/>
</testsuite> <!-- tests.PortfolioTest -->
