<?xml version="1.0" encoding="UTF-8"?>
<!-- Generated by org.testng.reporters.JUnitReportReporter -->
<testsuite hostname="Sumit-kothari" name="tests.ProjectOverviewPageTest" tests="4" failures="4" timestamp="27 Mar 2015 09:16:21 GMT" time="0.004" errors="0">
  <testcase name="projectOverviewPage" time="0.001" classname="tests.ProjectOverviewPageTest"/>
  <testcase name="projectOverviewPage" time="0.001" classname="tests.ProjectOverviewPageTest"/>
  <testcase name="projectOverviewPage" time="0.001" classname="tests.ProjectOverviewPageTest"/>
  <testcase name="projectOverviewPage" time="0.001" classname="tests.ProjectOverviewPageTest"/>
</testsuite> <!-- tests.ProjectOverviewPageTest -->
